0 info it worked if it ends with ok
1 verbose cli [ 'C:\\apps\\nodejs\\node.exe',
1 verbose cli   'D:\\Users\\j.bonet\\AppData\\Roaming\\npm\\node_modules\\npm\\bin\\npm-cli.js',
1 verbose cli   'start' ]
2 info using npm@3.3.9
3 info using node@v4.2.1
4 verbose stack Error: missing script: start
4 verbose stack     at run (D:\Users\j.bonet\AppData\Roaming\npm\node_modules\npm\lib\run-script.js:148:19)
4 verbose stack     at D:\Users\j.bonet\AppData\Roaming\npm\node_modules\npm\lib\run-script.js:58:5
4 verbose stack     at D:\Users\j.bonet\AppData\Roaming\npm\node_modules\npm\node_modules\read-package-json\read-json.js:345:5
4 verbose stack     at checkBinReferences_ (D:\Users\j.bonet\AppData\Roaming\npm\node_modules\npm\node_modules\read-package-json\read-json.js:309:45)
4 verbose stack     at final (D:\Users\j.bonet\AppData\Roaming\npm\node_modules\npm\node_modules\read-package-json\read-json.js:343:3)
4 verbose stack     at then (D:\Users\j.bonet\AppData\Roaming\npm\node_modules\npm\node_modules\read-package-json\read-json.js:113:5)
4 verbose stack     at D:\Users\j.bonet\AppData\Roaming\npm\node_modules\npm\node_modules\read-package-json\read-json.js:232:12
4 verbose stack     at D:\Users\j.bonet\AppData\Roaming\npm\node_modules\npm\node_modules\graceful-fs\graceful-fs.js:76:16
4 verbose stack     at FSReqWrap.readFileAfterClose [as oncomplete] (fs.js:380:3)
5 verbose cwd C:\apps\react\redux-easy-crud\redux-easy-crud\example
6 error Windows_NT 6.1.7601
7 error argv "C:\\apps\\nodejs\\node.exe" "D:\\Users\\j.bonet\\AppData\\Roaming\\npm\\node_modules\\npm\\bin\\npm-cli.js" "start"
8 error node v4.2.1
9 error npm  v3.3.9
10 error missing script: start
11 error If you need help, you may report this error at:
11 error     <https://github.com/npm/npm/issues>
12 verbose exit [ 1, true ]
